<?xml version="1.0" encoding="UTF-8"?>
<!-- Generated by org.testng.reporters.JUnitReportReporter -->
<testsuite hostname="Arsheera" failures="0" tests="1" name="testRunner.runnerfile" time="11.908" errors="0" timestamp="2024-09-12T11:23:50 CEST" skipped="0">
  <testcase classname="testRunner.runnerfile" name="runScenario" time="11.908"/>
  <system-out/>
</testsuite> <!-- testRunner.runnerfile -->
